<?xml version="1.0" encoding="UTF-8"?>
<!-- Generated by org.testng.reporters.JUnitReportReporter -->
<testsuite hostname="Rajas-Air.hsd1.nh.comcast.net" failures="0" tests="1" name="tests.GetAndPostExamples" time="4.895" errors="0" timestamp="2021-06-16T06:39:28 EDT" skipped="0">
  <testcase classname="tests.GetAndPostExamples" name="testPost" time="4.895"/>
  <system-out/>
</testsuite> <!-- tests.GetAndPostExamples -->
