<?xml version="1.0" encoding="UTF-8"?>
<!-- Generated by org.testng.reporters.JUnitReportReporter -->
<testsuite hostname="Rajas-Air.hsd1.nh.comcast.net" failures="0" tests="2" name="tests.TestsExamples" time="5.560" errors="0" timestamp="2021-06-15T19:02:32 EDT" skipped="0">
  <testcase classname="tests.TestsExamples" name="test_2" time="1.272"/>
  <system-out/>
  <testcase classname="tests.TestsExamples" name="test_1" time="4.288"/>
  <system-out/>
</testsuite> <!-- tests.TestsExamples -->
