<?xml version="1.0" encoding="UTF-8"?>
<!-- Generated by org.testng.reporters.JUnitReportReporter -->
<testsuite hostname="Rajas-Air.hsd1.nh.comcast.net" failures="0" tests="3" name="tests.PutPatchDeleteExamples" time="4.840" errors="0" timestamp="2021-06-16T06:52:03 EDT" skipped="0">
  <testcase classname="tests.PutPatchDeleteExamples" name="testDelete" time="4.021"/>
  <system-out/>
  <testcase classname="tests.PutPatchDeleteExamples" name="testPut" time="0.344"/>
  <system-out/>
  <testcase classname="tests.PutPatchDeleteExamples" name="testPatch" time="0.475"/>
  <system-out/>
</testsuite> <!-- tests.PutPatchDeleteExamples -->
